#
# A fatal error has been detected by the Java Runtime Environment:
#
#  SIGBUS (0x7) at pc=0x00007f4b92790b22, pid=3401, tid=139962558666496
#
# JRE version: Java(TM) SE Runtime Environment (7.0_51-b13) (build 1.7.0_51-b13)
# Java VM: Java HotSpot(TM) 64-Bit Server VM (24.51-b03 mixed mode linux-amd64 compressed oops)
# Problematic frame:
# C  [ld-linux-x86-64.so.2+0x19b22]  realloc+0x2af2
#
# Failed to write core dump. Core dumps have been disabled. To enable core dumping, try "ulimit -c unlimited" before starting Java again
#
# If you would like to submit a bug report, please visit:
#   http://bugreport.sun.com/bugreport/crash.jsp
# The crash happened outside the Java Virtual Machine in native code.
# See problematic frame for where to report the bug.
#

---------------  T H R E A D  ---------------

Current thread (0x00007f4b8c00a000):  JavaThread "main" [_thread_in_native, id=3447, stack(0x00007f4b92875000,0x00007f4b92976000)]

siginfo:si_signo=SIGBUS: si_errno=0, si_code=2 (BUS_ADRERR), si_addr=0x00007f4b8175afe8

Registers:
RAX=0x00007f4b8175afe8, RBX=0x00007f4b92971e78, RCX=0x0000000000000096, RDX=0x0000000000000000
RSP=0x00007f4b92971e08, RBP=0x00007f4b92972070, RSI=0x0000000000000000, RDI=0x00007f4b8175b000
R8 =0x0000000000000018, R9 =0x0101010101010101, R10=0x0000000000000812, R11=0x00007f4b92790b22
R12=0x00007f4b8c1f95f0, R13=0x00007f4b92972140, R14=0x0000000000000002, R15=0x00007f4b8175b000
RIP=0x00007f4b92790b22, EFLAGS=0x0000000000010216, CSGSFS=0x0000000000000033, ERR=0x0000000000000006
  TRAPNO=0x000000000000000e

Top of Stack: (sp=0x00007f4b92971e08)
0x00007f4b92971e08:   00007f4b9277df2f 0000003000000003
0x00007f4b92971e18:   0000006e0000005b 0000007c00000077
0x00007f4b92971e28:   00007f4b92971e40 00007f4b92971f00
0x00007f4b92971e38:   00007f4b92971ff0 00007f4b8c00a000
0x00007f4b92971e48:   0000000000000000 000000000006c000
0x00007f4b92971e58:   000000000006b100 000000000006b100
0x00007f4b92971e68:   0000000000000000 0000000000000005
0x00007f4b92971e78:   000000000016b000 000000000016e000
0x00007f4b92971e88:   000000000016dfe8 000000000016f2c8
0x00007f4b92971e98:   000000000006b000 0000000000000003
0x00007f4b92971ea8:   00007f4b9278253d 0000000000000025
0x00007f4b92971eb8:   0000000000000024 0000000000000025
0x00007f4b92971ec8:   000000028c07a7a0 00000000eae05be0
0x00007f4b92971ed8:   0000000000000002 00007f4b92972070
0x00007f4b92971ee8:   0000000000000000 0000000000000000
0x00007f4b92971ef8:   00007f4b9299a060 000000000000002f
0x00007f4b92971f08:   00007f4b9277dabc 00007f4b541f3290
0x00007f4b92971f18:   00007f4b541fa9e0 00007f4b541fb278
0x00007f4b92971f28:   00000000000083b0 00007f4b929739c0
0x00007f4b92971f38:   0000000000000003 00007f4b8c00a000
0x00007f4b92971f48:   00007f4b92972190 00007f4b8175c2c8
0x00007f4b92971f58:   00007f4b8175afe8 00007f4b92971f10
0x00007f4b92971f68:   00007f4b8c1f6920 00007f4b8c1fcb90
0x00007f4b92971f78:   00007f4b9299b240 0000002f00030150
0x00007f4b92971f88:   000000000016f2c8 00007f4b929720f8
0x00007f4b92971f98:   00000fe97252e3c9 0000000000000006
0x00007f4b92971fa8:   00007f4b92971e48 0000000000000806
0x00007f4b92971fb8:   00000000000c0375 0000000000000001
0x00007f4b92971fc8:   000003e8000081b4 00000000000003e8
0x00007f4b92971fd8:   0000000000000000 0000000000053c23
0x00007f4b92971fe8:   0000000000001000 00000000000002a0
0x00007f4b92971ff8:   0000000052ebe056 000000002900d4b8 

Instructions: (pc=0x00007f4b92790b22)
0x00007f4b92790b02:   48 89 57 a8 48 89 57 b0 48 89 57 b8 48 89 57 c0
0x00007f4b92790b12:   48 89 57 c8 48 89 57 d0 48 89 57 d8 48 89 57 e0
0x00007f4b92790b22:   48 89 57 e8 48 89 57 f0 48 89 57 f8 c3 90 48 89
0x00007f4b92790b32:   97 76 ff ff ff 48 89 97 7e ff ff ff 48 89 57 86 

Register to memory mapping:

RAX=0x00007f4b8175afe8 is an unknown value
RBX=0x00007f4b92971e78 is pointing into the stack for thread: 0x00007f4b8c00a000
RCX=0x0000000000000096 is an unknown value
RDX=0x0000000000000000 is an unknown value
RSP=0x00007f4b92971e08 is pointing into the stack for thread: 0x00007f4b8c00a000
RBP=0x00007f4b92972070 is pointing into the stack for thread: 0x00007f4b8c00a000
RSI=0x0000000000000000 is an unknown value
RDI=0x00007f4b8175b000 is an unknown value
R8 =0x0000000000000018 is an unknown value
R9 =0x0101010101010101 is an unknown value
R10=0x0000000000000812 is an unknown value
R11=0x00007f4b92790b22: <offset 0x19b22> in /lib64/ld-linux-x86-64.so.2 at 0x00007f4b92777000
R12=0x00007f4b8c1f95f0 is an unknown value
R13=0x00007f4b92972140 is pointing into the stack for thread: 0x00007f4b8c00a000
R14=0x0000000000000002 is an unknown value
R15=0x00007f4b8175b000 is an unknown value


Stack: [0x00007f4b92875000,0x00007f4b92976000],  sp=0x00007f4b92971e08,  free space=1011k
Native frames: (J=compiled Java code, j=interpreted, Vv=VM code, C=native code)
C  [ld-linux-x86-64.so.2+0x19b22]  realloc+0x2af2

Java frames: (J=compiled Java code, j=interpreted, Vv=VM code)
j  java.lang.ClassLoader$NativeLibrary.load(Ljava/lang/String;)V+0
j  java.lang.ClassLoader.loadLibrary1(Ljava/lang/Class;Ljava/io/File;)Z+302
j  java.lang.ClassLoader.loadLibrary0(Ljava/lang/Class;Ljava/io/File;)Z+2
j  java.lang.ClassLoader.loadLibrary(Ljava/lang/Class;Ljava/lang/String;Z)V+48
j  java.lang.Runtime.load0(Ljava/lang/Class;Ljava/lang/String;)V+57
j  java.lang.System.load(Ljava/lang/String;)V+7
j  org.eclipse.swt.internal.Library.load(Ljava/lang/String;)Z+12
j  org.eclipse.swt.internal.Library.loadLibrary(Ljava/lang/String;Z)V+643
j  org.eclipse.swt.internal.Library.loadLibrary(Ljava/lang/String;)V+2
j  org.eclipse.swt.internal.gtk.OS.<clinit>()V+3
v  ~StubRoutines::call_stub
j  org.eclipse.swt.internal.Converter.wcsToMbcs(Ljava/lang/String;[CZ)[B+17
j  org.eclipse.swt.internal.Converter.wcsToMbcs(Ljava/lang/String;Ljava/lang/String;Z)[B+23
j  org.eclipse.swt.widgets.Display.<clinit>()V+11
v  ~StubRoutines::call_stub
j  com.android.ddms.Main.main([Ljava/lang/String;)V+70
v  ~StubRoutines::call_stub

---------------  P R O C E S S  ---------------

Java Threads: ( => current thread )
  0x00007f4b8c1f6000 JavaThread "process reaper" daemon [_thread_blocked, id=3478, stack(0x00007f4b818a2000,0x00007f4b818db000)]
  0x00007f4b8c096800 JavaThread "Service Thread" daemon [_thread_blocked, id=3466, stack(0x00007f4b81a5a000,0x00007f4b81b5b000)]
  0x00007f4b8c094000 JavaThread "C2 CompilerThread1" daemon [_thread_blocked, id=3465, stack(0x00007f4b81b5b000,0x00007f4b81c5c000)]
  0x00007f4b8c091800 JavaThread "C2 CompilerThread0" daemon [_thread_blocked, id=3464, stack(0x00007f4b81c5c000,0x00007f4b81d5d000)]
  0x00007f4b8c087000 JavaThread "Signal Dispatcher" daemon [_thread_blocked, id=3463, stack(0x00007f4b81d5d000,0x00007f4b81e5e000)]
  0x00007f4b8c070000 JavaThread "Finalizer" daemon [_thread_blocked, id=3459, stack(0x00007f4b8253f000,0x00007f4b82640000)]
  0x00007f4b8c06c000 JavaThread "Reference Handler" daemon [_thread_blocked, id=3458, stack(0x00007f4b82640000,0x00007f4b82741000)]
=>0x00007f4b8c00a000 JavaThread "main" [_thread_in_native, id=3447, stack(0x00007f4b92875000,0x00007f4b92976000)]

Other Threads:
  0x00007f4b8c069800 VMThread [stack: 0x00007f4b82741000,0x00007f4b82842000] [id=3457]
  0x00007f4b8c0a9800 WatcherThread [stack: 0x00007f4b81959000,0x00007f4b81a5a000] [id=3467]

VM state:not at safepoint (normal execution)

VM Mutex/Monitor currently owned by a thread: None

Heap
 PSYoungGen      total 27648K, used 7022K [0x00000000faa80000, 0x00000000fc900000, 0x0000000100000000)
  eden space 24064K, 29% used [0x00000000faa80000,0x00000000fb15b8f0,0x00000000fc200000)
  from space 3584K, 0% used [0x00000000fc580000,0x00000000fc580000,0x00000000fc900000)
  to   space 3584K, 0% used [0x00000000fc200000,0x00000000fc200000,0x00000000fc580000)
 ParOldGen       total 61952K, used 0K [0x00000000f0000000, 0x00000000f3c80000, 0x00000000faa80000)
  object space 61952K, 0% used [0x00000000f0000000,0x00000000f0000000,0x00000000f3c80000)
 PSPermGen       total 21504K, used 5399K [0x00000000eae00000, 0x00000000ec300000, 0x00000000f0000000)
  object space 21504K, 25% used [0x00000000eae00000,0x00000000eb345fa0,0x00000000ec300000)

Card table byte_map: [0x00007f4b900fd000,0x00007f4b901a7000] byte_map_base: 0x00007f4b8f9a6000

Polling page: 0x00007f4b92996000

Code Cache  [0x00007f4b889cc000, 0x00007f4b88c3c000, 0x00007f4b8b9cc000)
 total_blobs=358 nmethods=37 adapters=275 free_code_cache=48618Kb largest_free_block=49774272

Compilation events (10 events):
Event: 0.625 Thread 0x00007f4b8c094000   33             sun.nio.cs.UTF_8$Encoder::encode (361 bytes)
Event: 0.635 Thread 0x00007f4b8c091800   34             java.util.Arrays::equals (54 bytes)
Event: 0.638 Thread 0x00007f4b8c094000 nmethod 33 0x00007f4b88a42650 code [0x00007f4b88a427c0, 0x00007f4b88a42cc8]
Event: 0.641 Thread 0x00007f4b8c091800 nmethod 34 0x00007f4b88a42210 code [0x00007f4b88a42360, 0x00007f4b88a42558]
Event: 0.651 Thread 0x00007f4b8c094000   35   !         java.util.jar.Attributes::read (410 bytes)
Event: 0.691 Thread 0x00007f4b8c094000 nmethod 35 0x00007f4b88a46990 code [0x00007f4b88a46be0, 0x00007f4b88a47b50]
Event: 0.806 Thread 0x00007f4b8c091800   36             java.lang.String::lastIndexOf (52 bytes)
Event: 0.810 Thread 0x00007f4b8c091800 nmethod 36 0x00007f4b88a44d50 code [0x00007f4b88a44ea0, 0x00007f4b88a45008]
Event: 0.906 Thread 0x00007f4b8c094000   37             java.lang.Math::min (11 bytes)
Event: 0.907 Thread 0x00007f4b8c094000 nmethod 37 0x00007f4b88a53f90 code [0x00007f4b88a540c0, 0x00007f4b88a540f8]

GC Heap History (0 events):
No events

Deoptimization events (3 events):
Event: 0.339 Thread 0x00007f4b8c00a000 Uncommon trap: reason=null_check action=make_not_entrant pc=0x00007f4b88a39b74 method=java.util.jar.Attributes.putValue(Ljava/lang/String;Ljava/lang/String;)Ljava/lang/String; @ 13
Event: 0.643 Thread 0x00007f4b8c00a000 Uncommon trap: reason=class_check action=maybe_recompile pc=0x00007f4b88a314fc method=java.util.Properties$LineReader.readLine()I @ 62
Event: 0.643 Thread 0x00007f4b8c00a000 Uncommon trap: reason=class_check action=maybe_recompile pc=0x00007f4b88a314fc method=java.util.Properties$LineReader.readLine()I @ 62

Internal exceptions (10 events):
Event: 0.853 Thread 0x00007f4b8c00a000 Threw 0x00000000fafea338 at /HUDSON/workspace/7u-2-build-linux-amd64@2/jdk7u51/527/hotspot/src/share/vm/prims/jvm.cpp:1244
Event: 0.854 Thread 0x00007f4b8c00a000 Threw 0x00000000fafee660 at /HUDSON/workspace/7u-2-build-linux-amd64@2/jdk7u51/527/hotspot/src/share/vm/prims/jvm.cpp:1244
Event: 0.861 Thread 0x00007f4b8c00a000 Threw 0x00000000fb031868 at /HUDSON/workspace/7u-2-build-linux-amd64@2/jdk7u51/527/hotspot/src/share/vm/prims/jvm.cpp:1244
Event: 0.867 Thread 0x00007f4b8c00a000 Threw 0x00000000fb0354b8 at /HUDSON/workspace/7u-2-build-linux-amd64@2/jdk7u51/527/hotspot/src/share/vm/prims/jvm.cpp:1244
Event: 0.901 Thread 0x00007f4b8c00a000 Threw 0x00000000fb0396b0 at /HUDSON/workspace/7u-2-build-linux-amd64@2/jdk7u51/527/hotspot/src/share/vm/prims/jvm.cpp:1244
Event: 0.902 Thread 0x00007f4b8c00a000 Threw 0x00000000fb06d6c0 at /HUDSON/workspace/7u-2-build-linux-amd64@2/jdk7u51/527/hotspot/src/share/vm/prims/jvm.cpp:1244
Event: 0.907 Thread 0x00007f4b8c00a000 Threw 0x00000000fb0891f8 at /HUDSON/workspace/7u-2-build-linux-amd64@2/jdk7u51/527/hotspot/src/share/vm/prims/jvm.cpp:1244
Event: 0.907 Thread 0x00007f4b8c00a000 Threw 0x00000000fb089320 at /HUDSON/workspace/7u-2-build-linux-amd64@2/jdk7u51/527/hotspot/src/share/vm/prims/jvm.cpp:1244
Event: 0.907 Thread 0x00007f4b8c00a000 Threw 0x00000000fb08b590 at /HUDSON/workspace/7u-2-build-linux-amd64@2/jdk7u51/527/hotspot/src/share/vm/prims/jvm.cpp:1244
Event: 0.907 Thread 0x00007f4b8c00a000 Threw 0x00000000fb08b6b8 at /HUDSON/workspace/7u-2-build-linux-amd64@2/jdk7u51/527/hotspot/src/share/vm/prims/jvm.cpp:1244

Events (10 events):
Event: 0.925 loading class 0x00007f4b6015c490 done
Event: 0.925 Thread 0x00007f4b8c1f6000 Thread added: 0x00007f4b8c1f6000
Event: 0.925 loading class 0x00007f4b60159a30
Event: 0.926 loading class 0x00007f4b60159a30 done
Event: 0.926 loading class 0x00007f4b60159a70
Event: 0.926 loading class 0x00007f4b60159a70 done
Event: 0.926 loading class 0x00007f4b885108b0
Event: 0.926 loading class 0x00007f4b885108b0 done
Event: 0.926 loading class 0x00007f4b884d69a0
Event: 0.926 loading class 0x00007f4b884d69a0 done


Dynamic libraries:
00400000-00401000 r-xp 00000000 08:06 531520                             /usr/lib/jvm/java-7-oracle/jre/bin/java
00600000-00601000 rw-p 00000000 08:06 531520                             /usr/lib/jvm/java-7-oracle/jre/bin/java
0105e000-0107f000 rw-p 00000000 00:00 0                                  [heap]
eae00000-ec300000 rw-p 00000000 00:00 0 
ec300000-f0000000 rw-p 00000000 00:00 0 
f0000000-f3c80000 rw-p 00000000 00:00 0 
f3c80000-faa80000 rw-p 00000000 00:00 0 
faa80000-fc900000 rw-p 00000000 00:00 0 
fc900000-100000000 rw-p 00000000 00:00 0 
7f4b4c000000-7f4b4c021000 rw-p 00000000 00:00 0 
7f4b4c021000-7f4b50000000 ---p 00000000 00:00 0 
7f4b50000000-7f4b50021000 rw-p 00000000 00:00 0 
7f4b50021000-7f4b54000000 ---p 00000000 00:00 0 
7f4b54000000-7f4b54253000 rw-p 00000000 00:00 0 
7f4b54253000-7f4b58000000 ---p 00000000 00:00 0 
7f4b58000000-7f4b58021000 rw-p 00000000 00:00 0 
7f4b58021000-7f4b5c000000 ---p 00000000 00:00 0 
7f4b5c000000-7f4b5c021000 rw-p 00000000 00:00 0 
7f4b5c021000-7f4b60000000 ---p 00000000 00:00 0 
7f4b60000000-7f4b602a9000 rw-p 00000000 00:00 0 
7f4b602a9000-7f4b64000000 ---p 00000000 00:00 0 
7f4b64000000-7f4b64021000 rw-p 00000000 00:00 0 
7f4b64021000-7f4b68000000 ---p 00000000 00:00 0 
7f4b68000000-7f4b68021000 rw-p 00000000 00:00 0 
7f4b68021000-7f4b6c000000 ---p 00000000 00:00 0 
7f4b6c000000-7f4b6c021000 rw-p 00000000 00:00 0 
7f4b6c021000-7f4b70000000 ---p 00000000 00:00 0 
7f4b70000000-7f4b70021000 rw-p 00000000 00:00 0 
7f4b70021000-7f4b74000000 ---p 00000000 00:00 0 
7f4b74000000-7f4b74021000 rw-p 00000000 00:00 0 
7f4b74021000-7f4b78000000 ---p 00000000 00:00 0 
7f4b7c000000-7f4b7c021000 rw-p 00000000 00:00 0 
7f4b7c021000-7f4b80000000 ---p 00000000 00:00 0 
7f4b815ec000-7f4b815ed000 rw-p 00000000 00:00 0 
7f4b815ed000-7f4b81659000 r-xp 00000000 08:06 787317                     /tmp/swtlib-64/libswt-pi-gtk-3550.so
7f4b81659000-7f4b81758000 ---p 0006c000 08:06 787317                     /tmp/swtlib-64/libswt-pi-gtk-3550.so
7f4b81758000-7f4b8175b000 rw-p 0006b000 08:06 787317                     /tmp/swtlib-64/libswt-pi-gtk-3550.so
7f4b8175b000-7f4b8175d000 r-xp 0016e000 08:06 787317                     /tmp/swtlib-64/libswt-pi-gtk-3550.so
7f4b8175d000-7f4b8179d000 r-xp 00000000 08:06 787315                     /tmp/libswt-gtk-3550-64.so
7f4b8179d000-7f4b8189d000 ---p 00040000 08:06 787315                     /tmp/libswt-gtk-3550-64.so
7f4b8189d000-7f4b818a1000 rw-p 00040000 08:06 787315                     /tmp/libswt-gtk-3550-64.so
7f4b818a1000-7f4b818a2000 rw-p 00000000 00:00 0 
7f4b818a2000-7f4b818a5000 ---p 00000000 00:00 0 
7f4b818a5000-7f4b818db000 rw-p 00000000 00:00 0                          [stack:3478]
7f4b818db000-7f4b818ef000 r--s 0015a000 08:06 3544944                    /home/dev/android/android-linux/sdk/tools/lib/x86_64/swt.jar
7f4b818ef000-7f4b818f1000 r--s 0000d000 08:06 2624578                    /home/dev/android/android-linux/sdk/tools/lib/commons-codec-1.4.jar
7f4b818f1000-7f4b818f3000 r--s 0000d000 08:06 2624528                    /home/dev/android/android-linux/sdk/tools/lib/commons-logging-1.1.1.jar
7f4b818f3000-7f4b818f8000 r--s 00028000 08:06 2624599                    /home/dev/android/android-linux/sdk/tools/lib/httpcore-4.1.jar
7f4b818f8000-7f4b81900000 r--s 0004e000 08:06 2624553                    /home/dev/android/android-linux/sdk/tools/lib/httpclient-4.1.1.jar
7f4b81900000-7f4b81904000 r--s 00020000 08:06 2624605                    /home/dev/android/android-linux/sdk/tools/lib/commons-compress-1.0.jar
7f4b81904000-7f4b8190c000 r--s 00089000 08:06 2624533                    /home/dev/android/android-linux/sdk/tools/lib/sdklib.jar
7f4b8190c000-7f4b8191a000 r--s 001b2000 08:06 2624549                    /home/dev/android/android-linux/sdk/tools/lib/osgi-4.0.0.jar
7f4b8191a000-7f4b81929000 r--s 0012d000 08:06 2624545                    /home/dev/android/android-linux/sdk/tools/lib/jfreechart-1.0.9.jar
7f4b81929000-7f4b8194d000 r--s 001aa000 08:06 2624557                    /home/dev/android/android-linux/sdk/tools/lib/guava-13.0.1.jar
7f4b8194d000-7f4b81959000 r--s 00084000 08:06 2624606                    /home/dev/android/android-linux/sdk/tools/lib/ddmuilib.jar
7f4b81959000-7f4b8195a000 ---p 00000000 00:00 0 
7f4b8195a000-7f4b81a5a000 rw-p 00000000 00:00 0                          [stack:3467]
7f4b81a5a000-7f4b81a5d000 ---p 00000000 00:00 0 
7f4b81a5d000-7f4b81b5b000 rw-p 00000000 00:00 0                          [stack:3466]
7f4b81b5b000-7f4b81b5e000 ---p 00000000 00:00 0 
7f4b81b5e000-7f4b81c5c000 rw-p 00000000 00:00 0                          [stack:3465]
7f4b81c5c000-7f4b81c5f000 ---p 00000000 00:00 0 
7f4b81c5f000-7f4b81d5d000 rw-p 00000000 00:00 0                          [stack:3464]
7f4b81d5d000-7f4b81d60000 ---p 00000000 00:00 0 
7f4b81d60000-7f4b81e5e000 rw-p 00000000 00:00 0                          [stack:3463]
7f4b81e5e000-7f4b8253f000 r--p 00000000 08:06 268573                     /usr/lib/locale/locale-archive
7f4b8253f000-7f4b82542000 ---p 00000000 00:00 0 
7f4b82542000-7f4b82640000 rw-p 00000000 00:00 0                          [stack:3459]
7f4b82640000-7f4b82643000 ---p 00000000 00:00 0 
7f4b82643000-7f4b82741000 rw-p 00000000 00:00 0                          [stack:3458]
7f4b82741000-7f4b82742000 ---p 00000000 00:00 0 
7f4b82742000-7f4b84000000 rw-p 00000000 00:00 0                          [stack:3457]
7f4b84000000-7f4b84021000 rw-p 00000000 00:00 0 
7f4b84021000-7f4b88000000 ---p 00000000 00:00 0 
7f4b88000000-7f4b88002000 r--s 00005000 08:06 2624582                    /home/dev/android/android-linux/sdk/tools/lib/httpmime-4.1.jar
7f4b88002000-7f4b88005000 r--s 0000e000 08:06 2624546                    /home/dev/android/android-linux/sdk/tools/lib/layoutlib-api.jar
7f4b88005000-7f4b8800b000 r--s 00046000 08:06 2624531                    /home/dev/android/android-linux/sdk/tools/lib/jcommon-1.0.12.jar
7f4b8800b000-7f4b88291000 rw-p 00000000 00:00 0 
7f4b88291000-7f4b8844e000 r--s 039bf000 08:06 403223                     /usr/lib/jvm/java-7-oracle/jre/lib/rt.jar
7f4b8844e000-7f4b885c8000 rw-p 00000000 00:00 0 
7f4b885c8000-7f4b885c9000 ---p 00000000 00:00 0 
7f4b885c9000-7f4b886c9000 rw-p 00000000 00:00 0                          [stack:3451]
7f4b886c9000-7f4b886ca000 ---p 00000000 00:00 0 
7f4b886ca000-7f4b887ca000 rw-p 00000000 00:00 0                          [stack:3450]
7f4b887ca000-7f4b887cb000 ---p 00000000 00:00 0 
7f4b887cb000-7f4b888cb000 rw-p 00000000 00:00 0                          [stack:3449]
7f4b888cb000-7f4b888cc000 ---p 00000000 00:00 0 
7f4b888cc000-7f4b889cc000 rw-p 00000000 00:00 0                          [stack:3448]
7f4b889cc000-7f4b88c3c000 rwxp 00000000 00:00 0 
7f4b88c3c000-7f4b8b9cc000 rw-p 00000000 00:00 0 
7f4b8b9cc000-7f4b8b9e6000 r-xp 00000000 08:06 403152                     /usr/lib/jvm/java-7-oracle/jre/lib/amd64/libzip.so
7f4b8b9e6000-7f4b8bbe6000 ---p 0001a000 08:06 403152                     /usr/lib/jvm/java-7-oracle/jre/lib/amd64/libzip.so
7f4b8bbe6000-7f4b8bbe7000 rw-p 0001a000 08:06 403152                     /usr/lib/jvm/java-7-oracle/jre/lib/amd64/libzip.so
7f4b8bbe7000-7f4b8bbf3000 r-xp 00000000 08:06 922830                     /lib/x86_64-linux-gnu/libnss_files-2.17.so
7f4b8bbf3000-7f4b8bdf2000 ---p 0000c000 08:06 922830                     /lib/x86_64-linux-gnu/libnss_files-2.17.so
7f4b8bdf2000-7f4b8bdf3000 r--p 0000b000 08:06 922830                     /lib/x86_64-linux-gnu/libnss_files-2.17.so
7f4b8bdf3000-7f4b8bdf4000 rw-p 0000c000 08:06 922830                     /lib/x86_64-linux-gnu/libnss_files-2.17.so
7f4b8bdf4000-7f4b8bdff000 r-xp 00000000 08:06 922844                     /lib/x86_64-linux-gnu/libnss_nis-2.17.so
7f4b8bdff000-7f4b8bffe000 ---p 0000b000 08:06 922844                     /lib/x86_64-linux-gnu/libnss_nis-2.17.so
7f4b8bffe000-7f4b8bfff000 r--p 0000a000 08:06 922844                     /lib/x86_64-linux-gnu/libnss_nis-2.17.so
7f4b8bfff000-7f4b8c000000 rw-p 0000b000 08:06 922844                     /lib/x86_64-linux-gnu/libnss_nis-2.17.so
7f4b8c000000-7f4b8c2b1000 rw-p 00000000 00:00 0 
7f4b8c2b1000-7f4b90000000 ---p 00000000 00:00 0 
7f4b90000000-7f4b90001000 r--s 00002000 08:06 2624613                    /home/dev/android/android-linux/sdk/tools/lib/dvlib.jar
7f4b90001000-7f4b90003000 r--s 00003000 08:06 2624566                    /home/dev/android/android-linux/sdk/tools/lib/sdkstats.jar
7f4b90003000-7f4b90005000 r--s 00017000 08:06 2624585                    /home/dev/android/android-linux/sdk/tools/lib/org-eclipse-equinox-common-3.6.0.jar
7f4b90005000-7f4b90009000 r--s 00017000 08:06 2624583                    /home/dev/android/android-linux/sdk/tools/lib/org-eclipse-core-commands-3.6.0.jar
7f4b90009000-7f4b9000b000 r--s 00010000 08:06 2624556                    /home/dev/android/android-linux/sdk/tools/lib/jfreechart-swt-1.0.9.jar
7f4b9000b000-7f4b90089000 rw-p 00000000 00:00 0 
7f4b90089000-7f4b900a7000 rw-p 00000000 00:00 0 
7f4b900a7000-7f4b900c6000 rw-p 00000000 00:00 0 
7f4b900c6000-7f4b900fd000 rw-p 00000000 00:00 0 
7f4b900fd000-7f4b90108000 rw-p 00000000 00:00 0 
7f4b90108000-7f4b90126000 rw-p 00000000 00:00 0 
7f4b90126000-7f4b90145000 rw-p 00000000 00:00 0 
7f4b90145000-7f4b9017b000 rw-p 00000000 00:00 0 
7f4b9017b000-7f4b9018b000 rw-p 00000000 00:00 0 
7f4b9018b000-7f4b901a6000 rw-p 00000000 00:00 0 
7f4b901a6000-7f4b901a7000 rw-p 00000000 00:00 0 
7f4b901a7000-7f4b901be000 r-xp 00000000 08:06 922822                     /lib/x86_64-linux-gnu/libnsl-2.17.so
7f4b901be000-7f4b903bd000 ---p 00017000 08:06 922822                     /lib/x86_64-linux-gnu/libnsl-2.17.so
7f4b903bd000-7f4b903be000 r--p 00016000 08:06 922822                     /lib/x86_64-linux-gnu/libnsl-2.17.so
7f4b903be000-7f4b903bf000 rw-p 00017000 08:06 922822                     /lib/x86_64-linux-gnu/libnsl-2.17.so
7f4b903bf000-7f4b903c1000 rw-p 00000000 00:00 0 
7f4b903c1000-7f4b903c9000 r-xp 00000000 08:06 922848                     /lib/x86_64-linux-gnu/libnss_compat-2.17.so
7f4b903c9000-7f4b905c8000 ---p 00008000 08:06 922848                     /lib/x86_64-linux-gnu/libnss_compat-2.17.so
7f4b905c8000-7f4b905c9000 r--p 00007000 08:06 922848                     /lib/x86_64-linux-gnu/libnss_compat-2.17.so
7f4b905c9000-7f4b905ca000 rw-p 00008000 08:06 922848                     /lib/x86_64-linux-gnu/libnss_compat-2.17.so
7f4b905ca000-7f4b905f3000 r-xp 00000000 08:06 403140                     /usr/lib/jvm/java-7-oracle/jre/lib/amd64/libjava.so
7f4b905f3000-7f4b907f3000 ---p 00029000 08:06 403140                     /usr/lib/jvm/java-7-oracle/jre/lib/amd64/libjava.so
7f4b907f3000-7f4b907f5000 rw-p 00029000 08:06 403140                     /usr/lib/jvm/java-7-oracle/jre/lib/amd64/libjava.so
7f4b907f5000-7f4b90802000 r-xp 00000000 08:06 403158                     /usr/lib/jvm/java-7-oracle/jre/lib/amd64/libverify.so
7f4b90802000-7f4b90a01000 ---p 0000d000 08:06 403158                     /usr/lib/jvm/java-7-oracle/jre/lib/amd64/libverify.so
7f4b90a01000-7f4b90a03000 rw-p 0000c000 08:06 403158                     /usr/lib/jvm/java-7-oracle/jre/lib/amd64/libverify.so
7f4b90a03000-7f4b90a0a000 r-xp 00000000 08:06 922836                     /lib/x86_64-linux-gnu/librt-2.17.so
7f4b90a0a000-7f4b90c09000 ---p 00007000 08:06 922836                     /lib/x86_64-linux-gnu/librt-2.17.so
7f4b90c09000-7f4b90c0a000 r--p 00006000 08:06 922836                     /lib/x86_64-linux-gnu/librt-2.17.so
7f4b90c0a000-7f4b90c0b000 rw-p 00007000 08:06 922836                     /lib/x86_64-linux-gnu/librt-2.17.so
7f4b90c0b000-7f4b90d0e000 r-xp 00000000 08:06 922846                     /lib/x86_64-linux-gnu/libm-2.17.so
7f4b90d0e000-7f4b90f0e000 ---p 00103000 08:06 922846                     /lib/x86_64-linux-gnu/libm-2.17.so
7f4b90f0e000-7f4b90f0f000 r--p 00103000 08:06 922846                     /lib/x86_64-linux-gnu/libm-2.17.so
7f4b90f0f000-7f4b90f10000 rw-p 00104000 08:06 922846                     /lib/x86_64-linux-gnu/libm-2.17.so
7f4b90f10000-7f4b91a72000 r-xp 00000000 08:06 403128                     /usr/lib/jvm/java-7-oracle/jre/lib/amd64/server/libjvm.so
7f4b91a72000-7f4b91c72000 ---p 00b62000 08:06 403128                     /usr/lib/jvm/java-7-oracle/jre/lib/amd64/server/libjvm.so
7f4b91c72000-7f4b91d35000 rw-p 00b62000 08:06 403128                     /usr/lib/jvm/java-7-oracle/jre/lib/amd64/server/libjvm.so
7f4b91d35000-7f4b91d76000 rw-p 00000000 00:00 0 
7f4b91d76000-7f4b91f35000 r-xp 00000000 08:06 922852                     /lib/x86_64-linux-gnu/libc-2.17.so
7f4b91f35000-7f4b92134000 ---p 001bf000 08:06 922852                     /lib/x86_64-linux-gnu/libc-2.17.so
7f4b92134000-7f4b92138000 r--p 001be000 08:06 922852                     /lib/x86_64-linux-gnu/libc-2.17.so
7f4b92138000-7f4b9213a000 rw-p 001c2000 08:06 922852                     /lib/x86_64-linux-gnu/libc-2.17.so
7f4b9213a000-7f4b9213f000 rw-p 00000000 00:00 0 
7f4b9213f000-7f4b92142000 r-xp 00000000 08:06 922828                     /lib/x86_64-linux-gnu/libdl-2.17.so
7f4b92142000-7f4b92341000 ---p 00003000 08:06 922828                     /lib/x86_64-linux-gnu/libdl-2.17.so
7f4b92341000-7f4b92342000 r--p 00002000 08:06 922828                     /lib/x86_64-linux-gnu/libdl-2.17.so
7f4b92342000-7f4b92343000 rw-p 00003000 08:06 922828                     /lib/x86_64-linux-gnu/libdl-2.17.so
7f4b92343000-7f4b92359000 r-xp 00000000 08:06 403114                     /usr/lib/jvm/java-7-oracle/jre/lib/amd64/jli/libjli.so
7f4b92359000-7f4b92559000 ---p 00016000 08:06 403114                     /usr/lib/jvm/java-7-oracle/jre/lib/amd64/jli/libjli.so
7f4b92559000-7f4b9255a000 rw-p 00016000 08:06 403114                     /usr/lib/jvm/java-7-oracle/jre/lib/amd64/jli/libjli.so
7f4b9255a000-7f4b92572000 r-xp 00000000 08:06 922824                     /lib/x86_64-linux-gnu/libpthread-2.17.so
7f4b92572000-7f4b92771000 ---p 00018000 08:06 922824                     /lib/x86_64-linux-gnu/libpthread-2.17.so
7f4b92771000-7f4b92772000 r--p 00017000 08:06 922824                     /lib/x86_64-linux-gnu/libpthread-2.17.so
7f4b92772000-7f4b92773000 rw-p 00018000 08:06 922824                     /lib/x86_64-linux-gnu/libpthread-2.17.so
7f4b92773000-7f4b92777000 rw-p 00000000 00:00 0 
7f4b92777000-7f4b9279a000 r-xp 00000000 08:06 922810                     /lib/x86_64-linux-gnu/ld-2.17.so
7f4b9279a000-7f4b9279b000 r--s 00004000 08:06 2624561                    /home/dev/android/android-linux/sdk/tools/lib/swtmenubar.jar
7f4b9279b000-7f4b9279c000 r--s 0000a000 08:06 2624527                    /home/dev/android/android-linux/sdk/tools/lib/kxml2-2.3.0.jar
7f4b9279c000-7f4b9279e000 r--s 0000f000 08:06 2624580                    /home/dev/android/android-linux/sdk/tools/lib/common.jar
7f4b9279e000-7f4b927a0000 r--s 00019000 08:06 403184                     /usr/lib/jvm/java-7-oracle/jre/lib/jce.jar
7f4b927a0000-7f4b927b5000 r--s 000f1000 08:06 2624551                    /home/dev/android/android-linux/sdk/tools/lib/org-eclipse-jface-3.6.2.jar
7f4b927b5000-7f4b927bf000 rw-p 00000000 00:00 0 
7f4b927bf000-7f4b92875000 rw-p 00000000 00:00 0 
7f4b92875000-7f4b92878000 ---p 00000000 00:00 0 
7f4b92878000-7f4b9297a000 rw-p 00000000 00:00 0                          [stack:3447]
7f4b9297a000-7f4b9297e000 r--s 0008a000 08:06 403194                     /usr/lib/jvm/java-7-oracle/jre/lib/jsse.jar
7f4b9297e000-7f4b92983000 r--s 0003a000 08:06 2624609                    /home/dev/android/android-linux/sdk/tools/lib/ddmlib.jar
7f4b92983000-7f4b92986000 r--s 0001c000 08:06 2624555                    /home/dev/android/android-linux/sdk/tools/lib/ddms.jar
7f4b92986000-7f4b9298d000 rw-p 00000000 00:00 0 
7f4b9298d000-7f4b92995000 rw-s 00000000 08:06 787312                     /tmp/hsperfdata_dev/3401
7f4b92995000-7f4b92996000 rw-p 00000000 00:00 0 
7f4b92996000-7f4b92997000 r--p 00000000 00:00 0 
7f4b92997000-7f4b92999000 rw-p 00000000 00:00 0 
7f4b92999000-7f4b9299a000 r--p 00022000 08:06 922810                     /lib/x86_64-linux-gnu/ld-2.17.so
7f4b9299a000-7f4b9299c000 rw-p 00023000 08:06 922810                     /lib/x86_64-linux-gnu/ld-2.17.so
7fff8c0d9000-7fff8c0fa000 rw-p 00000000 00:00 0                          [stack]
7fff8c1a3000-7fff8c1a5000 r-xp 00000000 00:00 0                          [vdso]
ffffffffff600000-ffffffffff601000 r-xp 00000000 00:00 0                  [vsyscall]

VM Arguments:
jvm_args: -Xmx256M -Dcom.android.ddms.bindir=/home/dev/android/android-linux/sdk/tools 
java_command: com.android.ddms.Main ping emulator 22.3.0 Intel Open Source Technology Center Mesa DRI Intel(R) Ivybridge Mobile  3.0 Mesa 9.1.7
Launcher Type: SUN_STANDARD

Environment Variables:
PATH=/usr/lib/lightdm/lightdm:/usr/local/sbin:/usr/local/bin:/usr/sbin:/usr/bin:/sbin:/bin:/usr/games:/usr/local/games:/home/dev/android/android-linux/sdk/tools:/home/dev/android/android-linux/sdk/platform-tools
LD_LIBRARY_PATH=/home/dev/android/android-linux/sdk/tools/lib
SHELL=/bin/bash
DISPLAY=:0.0

Signal Handlers:
SIGSEGV: [libjvm.so+0x993870], sa_mask[0]=0x7ffbfeff, sa_flags=0x10000004
SIGBUS: [libjvm.so+0x993870], sa_mask[0]=0x7ffbfeff, sa_flags=0x10000004
SIGFPE: [libjvm.so+0x8105b0], sa_mask[0]=0x7ffbfeff, sa_flags=0x10000004
SIGPIPE: [libjvm.so+0x8105b0], sa_mask[0]=0x7ffbfeff, sa_flags=0x10000004
SIGXFSZ: [libjvm.so+0x8105b0], sa_mask[0]=0x7ffbfeff, sa_flags=0x10000004
SIGILL: [libjvm.so+0x8105b0], sa_mask[0]=0x7ffbfeff, sa_flags=0x10000004
SIGUSR1: SIG_DFL, sa_mask[0]=0x00000000, sa_flags=0x00000000
SIGUSR2: [libjvm.so+0x811aa0], sa_mask[0]=0x00002000, sa_flags=0x10000004
SIGHUP: [libjvm.so+0x812a10], sa_mask[0]=0x7ffbfeff, sa_flags=0x10000004
SIGINT: [libjvm.so+0x812a10], sa_mask[0]=0x7ffbfeff, sa_flags=0x10000004
SIGTERM: [libjvm.so+0x812a10], sa_mask[0]=0x7ffbfeff, sa_flags=0x10000004
SIGQUIT: [libjvm.so+0x812a10], sa_mask[0]=0x7ffbfeff, sa_flags=0x10000004


---------------  S Y S T E M  ---------------

OS:wheezy/sid

uname:Linux 3.8.0-19-generic #29-Ubuntu SMP Wed Apr 17 18:16:28 UTC 2013 x86_64
libc:glibc 2.17 NPTL 2.17 
rlimit: STACK 8192k, CORE 0k, NPROC 46616, NOFILE 4096, AS infinity
load average:1.40 0.83 0.44

/proc/meminfo:
MemTotal:        5985936 kB
MemFree:         2015484 kB
Buffers:           55348 kB
Cached:          2701384 kB
SwapCached:            0 kB
Active:          1775728 kB
Inactive:        1975008 kB
Active(anon):     961284 kB
Inactive(anon):   254116 kB
Active(file):     814444 kB
Inactive(file):  1720892 kB
Unevictable:          48 kB
Mlocked:              48 kB
SwapTotal:      11997180 kB
SwapFree:       11997180 kB
Dirty:            254076 kB
Writeback:             0 kB
AnonPages:        994264 kB
Mapped:           187380 kB
Shmem:            221280 kB
Slab:             109048 kB
SReclaimable:      81060 kB
SUnreclaim:        27988 kB
KernelStack:        4400 kB
PageTables:        33372 kB
NFS_Unstable:          0 kB
Bounce:                0 kB
WritebackTmp:          0 kB
CommitLimit:    14990148 kB
Committed_AS:    5383600 kB
VmallocTotal:   34359738367 kB
VmallocUsed:      555256 kB
VmallocChunk:   34359178700 kB
HardwareCorrupted:     0 kB
AnonHugePages:         0 kB
HugePages_Total:       0
HugePages_Free:        0
HugePages_Rsvd:        0
HugePages_Surp:        0
Hugepagesize:       2048 kB
DirectMap4k:       67584 kB
DirectMap2M:     6131712 kB


CPU:total 4 (2 cores per cpu, 2 threads per core) family 6 model 58 stepping 9, cmov, cx8, fxsr, mmx, sse, sse2, sse3, ssse3, sse4.1, sse4.2, popcnt, avx, erms, ht, tsc, tscinvbit, tscinv

/proc/cpuinfo:
processor	: 0
vendor_id	: GenuineIntel
cpu family	: 6
model		: 58
model name	: Intel(R) Core(TM) i3-3227U CPU @ 1.90GHz
stepping	: 9
microcode	: 0x15
cpu MHz		: 1901.000
cache size	: 3072 KB
physical id	: 0
siblings	: 4
core id		: 0
cpu cores	: 2
apicid		: 0
initial apicid	: 0
fpu		: yes
fpu_exception	: yes
cpuid level	: 13
wp		: yes
flags		: fpu vme de pse tsc msr pae mce cx8 apic sep mtrr pge mca cmov pat pse36 clflush dts acpi mmx fxsr sse sse2 ss ht tm pbe syscall nx rdtscp lm constant_tsc arch_perfmon pebs bts rep_good nopl xtopology nonstop_tsc aperfmperf eagerfpu pni pclmulqdq dtes64 monitor ds_cpl vmx est tm2 ssse3 cx16 xtpr pdcm pcid sse4_1 sse4_2 x2apic popcnt tsc_deadline_timer xsave avx f16c lahf_lm ida arat epb xsaveopt pln pts dtherm tpr_shadow vnmi flexpriority ept vpid fsgsbase smep erms
bogomips	: 3791.28
clflush size	: 64
cache_alignment	: 64
address sizes	: 36 bits physical, 48 bits virtual
power management:

processor	: 1
vendor_id	: GenuineIntel
cpu family	: 6
model		: 58
model name	: Intel(R) Core(TM) i3-3227U CPU @ 1.90GHz
stepping	: 9
microcode	: 0x15
cpu MHz		: 779.000
cache size	: 3072 KB
physical id	: 0
siblings	: 4
core id		: 0
cpu cores	: 2
apicid		: 1
initial apicid	: 1
fpu		: yes
fpu_exception	: yes
cpuid level	: 13
wp		: yes
flags		: fpu vme de pse tsc msr pae mce cx8 apic sep mtrr pge mca cmov pat pse36 clflush dts acpi mmx fxsr sse sse2 ss ht tm pbe syscall nx rdtscp lm constant_tsc arch_perfmon pebs bts rep_good nopl xtopology nonstop_tsc aperfmperf eagerfpu pni pclmulqdq dtes64 monitor ds_cpl vmx est tm2 ssse3 cx16 xtpr pdcm pcid sse4_1 sse4_2 x2apic popcnt tsc_deadline_timer xsave avx f16c lahf_lm ida arat epb xsaveopt pln pts dtherm tpr_shadow vnmi flexpriority ept vpid fsgsbase smep erms
bogomips	: 3791.28
clflush size	: 64
cache_alignment	: 64
address sizes	: 36 bits physical, 48 bits virtual
power management:

processor	: 2
vendor_id	: GenuineIntel
cpu family	: 6
model		: 58
model name	: Intel(R) Core(TM) i3-3227U CPU @ 1.90GHz
stepping	: 9
microcode	: 0x15
cpu MHz		: 779.000
cache size	: 3072 KB
physical id	: 0
siblings	: 4
core id		: 1
cpu cores	: 2
apicid		: 2
initial apicid	: 2
fpu		: yes
fpu_exception	: yes
cpuid level	: 13
wp		: yes
flags		: fpu vme de pse tsc msr pae mce cx8 apic sep mtrr pge mca cmov pat pse36 clflush dts acpi mmx fxsr sse sse2 ss ht tm pbe syscall nx rdtscp lm constant_tsc arch_perfmon pebs bts rep_good nopl xtopology nonstop_tsc aperfmperf eagerfpu pni pclmulqdq dtes64 monitor ds_cpl vmx est tm2 ssse3 cx16 xtpr pdcm pcid sse4_1 sse4_2 x2apic popcnt tsc_deadline_timer xsave avx f16c lahf_lm ida arat epb xsaveopt pln pts dtherm tpr_shadow vnmi flexpriority ept vpid fsgsbase smep erms
bogomips	: 3791.28
clflush size	: 64
cache_alignment	: 64
address sizes	: 36 bits physical, 48 bits virtual
power management:

processor	: 3
vendor_id	: GenuineIntel
cpu family	: 6
model		: 58
model name	: Intel(R) Core(TM) i3-3227U CPU @ 1.90GHz
stepping	: 9
microcode	: 0x15
cpu MHz		: 1901.000
cache size	: 3072 KB
physical id	: 0
siblings	: 4
core id		: 1
cpu cores	: 2
apicid		: 3
initial apicid	: 3
fpu		: yes
fpu_exception	: yes
cpuid level	: 13
wp		: yes
flags		: fpu vme de pse tsc msr pae mce cx8 apic sep mtrr pge mca cmov pat pse36 clflush dts acpi mmx fxsr sse sse2 ss ht tm pbe syscall nx rdtscp lm constant_tsc arch_perfmon pebs bts rep_good nopl xtopology nonstop_tsc aperfmperf eagerfpu pni pclmulqdq dtes64 monitor ds_cpl vmx est tm2 ssse3 cx16 xtpr pdcm pcid sse4_1 sse4_2 x2apic popcnt tsc_deadline_timer xsave avx f16c lahf_lm ida arat epb xsaveopt pln pts dtherm tpr_shadow vnmi flexpriority ept vpid fsgsbase smep erms
bogomips	: 3791.28
clflush size	: 64
cache_alignment	: 64
address sizes	: 36 bits physical, 48 bits virtual
power management:



Memory: 4k page, physical 5985936k(2015484k free), swap 11997180k(11997180k free)

vm_info: Java HotSpot(TM) 64-Bit Server VM (24.51-b03) for linux-amd64 JRE (1.7.0_51-b13), built on Dec 18 2013 18:48:01 by "java_re" with gcc 4.3.0 20080428 (Red Hat 4.3.0-8)

time: Fri Jan 31 12:41:42 2014
elapsed time: 0 seconds

